
> pfnwj5@0.5.5 test C:\Users\Gabriel Melo\Documents\Repositorios\pfnwj5
> mocha --reporter spec -s 0



  Testes da classe Data com dados aleatorios
    √ Parse test 20000 linhas (4418ms)
    √ Calcula CPx e CPy (1736ms)
    √ Calcula CPx e CPy em tempo real (3504ms)
    √ Calcula Deslocamento da oscilação total, DOT (2ms)
    √ Calcula Desvio padrão (AP e ML) (4ms)
    √ Calcula RMS (Root Mean Square) AP e ML (3ms)
    √ Calcula Frequencia (6ms)
    √ Calcula Velocidade média (VM) (9ms)
    √ Calcula Amplitude de deslocamento do CP (1ms)
    √ Calcula Velocidade média total (VMT) (6ms)
    √ Calcula Área (8ms)

  (stress test) Testes de geração de relatório com dados aleatórios
    √ Report test 20 linhas duração maxima: 250ms (10ms)
    √ Report test 200 linhas duração maxima: 2500ms (56ms)
    √ Report test 2000 linhas duração maxima: 25000ms (448ms)
    √ Report test 20000 linhas duração maxima: 250000ms (4376ms)

  Testes da classe Data com dados REAIS
    √ Parse test 40 linhas (4ms)
    √ Calcula CPx e CPy (1ms)
    √ Calcula CPx e CPy em tempo real (1ms)
    1) Calcula Deslocamento da oscilação total, DOT
    √ Calcula Desvio padrão (AP e ML)
    √ Calcula RMS (Root Mean Square) AP e ML (1ms)
    √ Calcula Frequencia (hz)
    √ Calcula Velocidade média (VM)
    √ Calcula Amplitude de deslocamento do CP
    √ Calcula Velocidade média total (VMT)
    √ Calcula Área
    2) Report test 40 linhas

  Teste do sistema de testes
    √ Compara true com true... (ASSERT test) (1ms)
    √ Verifica diferenca... (ASSERT test)
    √ Compara true com true... (SHOULD test)
    √ Verifica diferenca... (SHOULD test)


  29 passing (15s)
  2 failing

  1) Testes da classe Data com dados REAIS Calcula Deslocamento da oscilação total, DOT:

      AssertionError: expected 148.58799166283885 to be 126.18380999831666
      + expected - actual

      -148.58799166283885
      +126.18380999831666
      
      at Assertion.fail (node_modules\should\cjs\should.js:205:17)
      at Assertion.Object.defineProperty.value (node_modules\should\cjs\should.js:277:19)
      at Context.<anonymous> (test\DataTestCase.js:42:25)

  2) Testes da classe Data com dados REAIS Report test 40 linhas:

      AssertionError: expected 148.58799166283885 to be 126.18380999831666
      + expected - actual

      -148.58799166283885
      +126.18380999831666
      
      at Assertion.fail (node_modules\should\cjs\should.js:205:17)
      at Assertion.Object.defineProperty.value (node_modules\should\cjs\should.js:277:19)
      at Context.<anonymous> (test\DataTestCase.js:92:24)



